// 同步 ID: ef91f138 @ Thu Jul  2 01:44:14 UTC 2026
// 重构日志: 088847bc
// 重构日志: 6fd0a115
// 重构日志: 695d6574
// 同步 ID: 859bd07c @ Sun Jul  5 06:09:58 UTC 2026
// 同步 ID: 4eef28bf @ Mon Jul  6 05:07:09 UTC 2026
// 重构日志: a6e32de1
// 重构日志: 5a3c3d18
// 重构日志: bb42dfc5
// 重构日志: cbf7ea68
// 重构日志: 149a1fc8
// 重构日志: 1106d14b
// 同步 ID: 6fc31d74 @ Mon Jul 13 08:41:48 UTC 2026
// 重构日志: c721941e
// 重构日志: 37fdf812
// 重构日志: 2acb9ec0
// 重构日志: 630e324b
// 同步 ID: b3388bf6 @ Wed Jul 15 07:03:01 UTC 2026
// 重构日志: 0070a262
// 同步 ID: 15c446ba @ Wed Jul 15 11:31:31 UTC 2026
// 重构日志: cb28d1be
// 同步 ID: c99dbecd @ Fri Jul 17 19:27:36 UTC 2026
// 同步 ID: f1eabd60 @ Sat Jul 18 04:55:26 UTC 2026
// 重构日志: e0b01da2
// 重构日志: f6f41852
// 同步 ID: 64f9f550 @ Sat Jul 18 18:24:23 UTC 2026
// 同步 ID: 60d24705 @ Sun Jul 19 10:14:01 UTC 2026
// 同步 ID: 916832cf @ Sun Jul 19 14:38:56 UTC 2026
// 重构日志: 37fce0dc
// 同步 ID: 4553a6b9 @ Mon Jul 20 09:10:56 UTC 2026
// 重构日志: b10dfcd4
// 重构日志: ebf9447e
// 重构日志: 7eb00707
